2025-05-20 16:37:05,607 INFO o.a.j.u.JMeterUtils: Setting Locale to en_EN
2025-05-20 16:37:05,681 INFO o.a.j.JMeter: Loading user properties from: D:\Environments\AppServers\apache-jmeter-5.6.3\bin\user.properties
2025-05-20 16:37:05,697 INFO o.a.j.JMeter: Loading system properties from: D:\Environments\AppServers\apache-jmeter-5.6.3\bin\system.properties
2025-05-20 16:37:05,702 INFO o.a.j.JMeter: Copyright (c) 1998-2024 The Apache Software Foundation
2025-05-20 16:37:05,702 INFO o.a.j.JMeter: Version 5.6.3
2025-05-20 16:37:05,702 INFO o.a.j.JMeter: java.version=21.0.5
2025-05-20 16:37:05,702 INFO o.a.j.JMeter: java.vm.name=Java HotSpot(TM) 64-Bit Server VM
2025-05-20 16:37:05,702 INFO o.a.j.JMeter: os.name=Windows 11
2025-05-20 16:37:05,702 INFO o.a.j.JMeter: os.arch=amd64
2025-05-20 16:37:05,702 INFO o.a.j.JMeter: os.version=10.0
2025-05-20 16:37:05,702 INFO o.a.j.JMeter: file.encoding=UTF-8
2025-05-20 16:37:05,703 INFO o.a.j.JMeter: java.awt.headless=null
2025-05-20 16:37:05,703 INFO o.a.j.JMeter: Max memory     =1073741824
2025-05-20 16:37:05,703 INFO o.a.j.JMeter: Available Processors =22
2025-05-20 16:37:05,712 INFO o.a.j.JMeter: Default Locale=English (EN)
2025-05-20 16:37:05,712 INFO o.a.j.JMeter: JMeter  Locale=English (EN)
2025-05-20 16:37:05,712 INFO o.a.j.JMeter: JMeterHome=D:\Environments\AppServers\apache-jmeter-5.6.3
2025-05-20 16:37:05,712 INFO o.a.j.JMeter: user.dir  =D:\Environments\Dev\api-gateway\krakend
2025-05-20 16:37:05,712 INFO o.a.j.JMeter: PWD       =D:\Environments\Dev\api-gateway\krakend
2025-05-20 16:37:05,716 INFO o.a.j.JMeter: IP: 172.20.10.2 Name: NobodyNBi9 FullName: NobodyNBi9
2025-05-20 16:37:05,736 INFO o.a.j.JMeter: Loaded icon properties from org/apache/jmeter/images/icon.properties
2025-05-20 16:37:05,989 INFO o.a.j.JMeterGuiLauncher: Setting LAF to: com.github.weisj.darklaf.DarkLaf:com.github.weisj.darklaf.theme.DarculaTheme
2025-05-20 16:37:22,273 INFO o.a.j.s.FileServer: Default base='D:\Environments\Dev\api-gateway\krakend'
2025-05-20 16:37:22,277 INFO o.a.j.g.a.Load: Loading file: D:\Environments\Dev\api-gateway\krakend\jmeter-concurrency.jmx
2025-05-20 16:37:22,277 INFO o.a.j.s.FileServer: Set new base='D:\Environments\Dev\api-gateway\krakend'
2025-05-20 16:37:22,445 INFO o.a.j.s.SaveService: Testplan (JMX) version: 2.2. Testlog (JTL) version: 2.2
2025-05-20 16:37:22,482 INFO o.a.j.s.SaveService: Using SaveService properties version 5.0
2025-05-20 16:37:22,484 INFO o.a.j.s.SaveService: Using SaveService properties file encoding UTF-8
2025-05-20 16:37:22,485 INFO o.a.j.s.SaveService: Loading file: D:\Environments\Dev\api-gateway\krakend\jmeter-concurrency.jmx
2025-05-20 16:37:22,522 INFO o.a.j.p.h.s.HTTPSamplerBase: Parser for text/html is org.apache.jmeter.protocol.http.parser.LagartoBasedHtmlParser
2025-05-20 16:37:22,522 INFO o.a.j.p.h.s.HTTPSamplerBase: Parser for application/xhtml+xml is org.apache.jmeter.protocol.http.parser.LagartoBasedHtmlParser
2025-05-20 16:37:22,522 INFO o.a.j.p.h.s.HTTPSamplerBase: Parser for application/xml is org.apache.jmeter.protocol.http.parser.LagartoBasedHtmlParser
2025-05-20 16:37:22,522 INFO o.a.j.p.h.s.HTTPSamplerBase: Parser for text/xml is org.apache.jmeter.protocol.http.parser.LagartoBasedHtmlParser
2025-05-20 16:37:22,522 INFO o.a.j.p.h.s.HTTPSamplerBase: Parser for text/vnd.wap.wml is org.apache.jmeter.protocol.http.parser.RegexpHTMLParser
2025-05-20 16:37:22,522 INFO o.a.j.p.h.s.HTTPSamplerBase: Parser for text/css is org.apache.jmeter.protocol.http.parser.CssParser
2025-05-20 16:37:22,695 INFO o.a.j.s.SampleResult: Note: Sample TimeStamps are START times
2025-05-20 16:37:22,695 INFO o.a.j.s.SampleResult: sampleresult.default.encoding is set to UTF-8
2025-05-20 16:37:22,695 INFO o.a.j.s.SampleResult: sampleresult.useNanoTime=true
2025-05-20 16:37:22,696 INFO o.a.j.s.SampleResult: sampleresult.nanoThreadSleep=5000
2025-05-20 16:37:23,045 INFO o.a.j.s.FileServer: Set new base='D:\Environments\Dev\api-gateway\krakend'
